<?xml version="1.0" encoding="UTF-8"?>
<!-- Generated by org.testng.reporters.JUnitReportReporter -->
<testsuite skipped="3" hostname="DESKTOP-3SBFD88" name="org.testNg.Ques1" tests="6" failures="0" timestamp="03 Sep 2021 17:47:04 GMT" time="24.149" errors="0">
  <testcase name="tc4" time="7.430" classname="org.testNg.Ques1"/>
  <testcase name="tc4" time="9.247" classname="org.testNg.Ques1"/>
  <testcase name="tc4" time="7.472" classname="org.testNg.Ques1"/>
  <testcase name="tc1" classname="org.testNg.Ques1">
    <skipped/>
  </testcase> <!-- tc1 -->
  <testcase name="tc2" classname="org.testNg.Ques1">
    <skipped/>
  </testcase> <!-- tc2 -->
  <testcase name="tc3" classname="org.testNg.Ques1">
    <skipped/>
  </testcase> <!-- tc3 -->
</testsuite> <!-- org.testNg.Ques1 -->
