<?xml version="1.0" encoding="UTF-8"?>
<!-- Generated by org.testng.reporters.JUnitReportReporter -->
<testsuite skipped="0" hostname="DESKTOP-3SBFD88" name="org.testNg.Sample" tests="3" failures="0" timestamp="20 Aug 2021 14:40:54 GMT" time="0.046" errors="0">
  <testcase name="tc1" time="0.033" classname="org.testNg.Sample"/>
  <testcase name="tc2" time="0.005" classname="org.testNg.Sample"/>
  <testcase name="tc3" time="0.008" classname="org.testNg.Sample"/>
</testsuite> <!-- org.testNg.Sample -->
