<?xml version="1.0" encoding="UTF-8"?>
<!-- Generated by org.testng.reporters.JUnitReportReporter -->
<testsuite skipped="0" hostname="DESKTOP-3SBFD88" name="org.parameter.Parameterisation" tests="5" failures="0" timestamp="27 Sep 2021 04:37:45 GMT" time="30.664" errors="0">
  <testcase name="tc2" time="7.507" classname="org.parameter.Parameterisation"/>
  <testcase name="tc5" time="3.017" classname="org.parameter.Parameterisation"/>
  <testcase name="tc3" time="0.823" classname="org.parameter.Parameterisation"/>
  <testcase name="tc1" time="12.465" classname="org.parameter.Parameterisation"/>
  <testcase name="tc4" time="6.852" classname="org.parameter.Parameterisation"/>
</testsuite> <!-- org.parameter.Parameterisation -->
