<?xml version="1.0" encoding="UTF-8"?>
<!-- Generated by org.testng.reporters.JUnitReportReporter -->
<testsuite skipped="0" hostname="DESKTOP-3SBFD88" name="org.testNg.Ques6" tests="1" failures="0" timestamp="27 Sep 2021 13:34:57 GMT" time="35.042" errors="0">
  <testcase name="tc" time="35.042" classname="org.testNg.Ques6"/>
</testsuite> <!-- org.testNg.Ques6 -->
