<?xml version="1.0" encoding="UTF-8"?>
<!-- Generated by org.testng.reporters.JUnitReportReporter -->
<testsuite skipped="0" hostname="DESKTOP-3SBFD88" name="org.testNg.Adactin" tests="5" failures="0" timestamp="17 Aug 2021 07:52:36 GMT" time="59.980" errors="0">
  <testcase name="tc5" time="2.843" classname="org.testNg.Adactin"/>
  <testcase name="tc4" time="17.646" classname="org.testNg.Adactin"/>
  <testcase name="tc1" time="20.413" classname="org.testNg.Adactin"/>
  <testcase name="tc3" time="4.254" classname="org.testNg.Adactin"/>
  <testcase name="tc2" time="14.824" classname="org.testNg.Adactin"/>
</testsuite> <!-- org.testNg.Adactin -->
