<?xml version="1.0" encoding="UTF-8"?>
<!-- Generated by org.testng.reporters.JUnitReportReporter -->
<testsuite skipped="0" hostname="DESKTOP-3SBFD88" name="org.testNg.Ques8" tests="1" failures="0" timestamp="28 Sep 2021 05:24:10 GMT" time="22.997" errors="0">
  <testcase name="tc" time="22.997" classname="org.testNg.Ques8"/>
</testsuite> <!-- org.testNg.Ques8 -->
