<?xml version="1.0" encoding="UTF-8"?>
<!-- Generated by org.testng.reporters.JUnitReportReporter -->
<testsuite skipped="0" hostname="DESKTOP-3SBFD88" name="org.testNg.Ques11" tests="1" failures="0" timestamp="19 Aug 2021 05:18:35 GMT" time="10.344" errors="0">
  <testcase name="tc1" time="10.344" classname="org.testNg.Ques11"/>
</testsuite> <!-- org.testNg.Ques11 -->
