<?xml version="1.0" encoding="UTF-8"?>
<!-- Generated by org.testng.reporters.JUnitReportReporter -->
<testsuite skipped="0" hostname="DESKTOP-3SBFD88" name="org.data_provider.Adactin_Dp" tests="5" failures="0" timestamp="28 Sep 2021 12:47:09 GMT" time="34.281" errors="0">
  <testcase name="tc3" time="2.448" classname="org.data_provider.Adactin_Dp"/>
  <testcase name="tc5" time="2.424" classname="org.data_provider.Adactin_Dp"/>
  <testcase name="tc1" time="12.307" classname="org.data_provider.Adactin_Dp"/>
  <testcase name="tc2" time="8.545" classname="org.data_provider.Adactin_Dp"/>
  <testcase name="tc4" time="8.557" classname="org.data_provider.Adactin_Dp"/>
</testsuite> <!-- org.data_provider.Adactin_Dp -->
