<?xml version="1.0" encoding="UTF-8"?>
<!-- Generated by org.testng.reporters.JUnitReportReporter -->
<testsuite skipped="0" hostname="DESKTOP-3SBFD88" name="parallel_exec.Test_level" tests="4" failures="0" timestamp="21 Aug 2021 05:57:46 GMT" time="0.569" errors="0">
  <testcase name="login" time="0.101" classname="parallel_exec.Test_level"/>
  <testcase name="login" time="0.100" classname="parallel_exec.Test_level"/>
  <testcase name="login" time="0.267" classname="parallel_exec.Test_level"/>
  <testcase name="login" time="0.101" classname="parallel_exec.Test_level"/>
</testsuite> <!-- parallel_exec.Test_level -->
