<?xml version="1.0" encoding="UTF-8"?>
<!-- Generated by org.testng.reporters.JUnitReportReporter -->
<testsuite skipped="2" hostname="DESKTOP-3SBFD88" name="org.testNg.test" tests="5" failures="0" timestamp="12 Aug 2021 06:03:44 GMT" time="0.035" errors="0">
  <testcase name="tc55" time="0.016" classname="org.testNg.test"/>
  <testcase name="tc44" time="0.006" classname="org.testNg.test"/>
  <testcase name="tc33" time="0.013" classname="org.testNg.test"/>
  <testcase name="tc11" classname="org.testNg.test">
    <skipped/>
  </testcase> <!-- tc11 -->
  <testcase name="tc22" classname="org.testNg.test">
    <skipped/>
  </testcase> <!-- tc22 -->
</testsuite> <!-- org.testNg.test -->
