<?xml version="1.0" encoding="UTF-8"?>
<!-- Generated by org.testng.reporters.JUnitReportReporter -->
<testsuite skipped="0" hostname="DESKTOP-3SBFD88" name="org.rerun.Re_Run" tests="1" failures="0" timestamp="29 Sep 2021 05:53:09 GMT" time="46.955" errors="0">
  <testcase name="flipkart_login" time="46.955" classname="org.rerun.Re_Run"/>
</testsuite> <!-- org.rerun.Re_Run -->
