<?xml version="1.0" encoding="UTF-8"?>
<!-- Generated by org.testng.reporters.JUnitReportReporter -->
<testsuite skipped="0" hostname="DESKTOP-3SBFD88" name="org.testNg.data" tests="2" failures="0" timestamp="20 Aug 2021 14:40:54 GMT" time="0.044" errors="0">
  <testcase name="tc2" time="0.012" classname="org.testNg.data"/>
  <testcase name="tc1" time="0.032" classname="org.testNg.data"/>
</testsuite> <!-- org.testNg.data -->
