<?xml version="1.0" encoding="UTF-8"?>
<!-- Generated by org.testng.reporters.JUnitReportReporter -->
<testsuite skipped="0" hostname="DESKTOP-3SBFD88" name="org.testNg.Ques4" tests="1" failures="0" timestamp="26 Aug 2021 16:48:24 GMT" time="40.368" errors="0">
  <testcase name="tc1" time="40.368" classname="org.testNg.Ques4"/>
</testsuite> <!-- org.testNg.Ques4 -->
